Analysis & Elaboration report for Pong
Wed Jul 11 18:25:45 2018
Quartus II 64-Bit Version 13.1.0 Build 162 10/23/2013 SJ Web Edition


---------------------
; Table of Contents ;
---------------------
  1. Legal Notice
  2. Analysis & Elaboration Summary
  3. Parallel Compilation
  4. Parameter Settings for User Entity Instance: ps2_keyboard:inst5
  5. Parameter Settings for User Entity Instance: ps2_keyboard:inst5|debounce:debounce_ps2_clk
  6. Parameter Settings for User Entity Instance: ps2_keyboard:inst5|debounce:debounce_ps2_data
  7. Analysis & Elaboration Settings
  8. Analysis & Elaboration Messages



----------------
; Legal Notice ;
----------------
Copyright (C) 1991-2013 Altera Corporation
Your use of Altera Corporation's design tools, logic functions 
and other software and tools, and its AMPP partner logic 
functions, and any output files from any of the foregoing 
(including device programming or simulation files), and any 
associated documentation or information are expressly subject 
to the terms and conditions of the Altera Program License 
Subscription Agreement, Altera MegaCore Function License 
Agreement, or other applicable license agreement, including, 
without limitation, that your use is for the sole purpose of 
programming logic devices manufactured by Altera and sold by 
Altera or its authorized distributors.  Please refer to the 
applicable agreement for further details.



+---------------------------------------------------------------------------------+
; Analysis & Elaboration Summary                                                  ;
+------------------------------------+--------------------------------------------+
; Analysis & Elaboration Status      ; Successful - Wed Jul 11 18:25:45 2018      ;
; Quartus II 64-Bit Version          ; 13.1.0 Build 162 10/23/2013 SJ Web Edition ;
; Revision Name                      ; Pong                                       ;
; Top-level Entity Name              ; Top                                        ;
; Family                             ; Cyclone III                                ;
; Total logic elements               ; N/A until Partition Merge                  ;
;     Total combinational functions  ; N/A until Partition Merge                  ;
;     Dedicated logic registers      ; N/A until Partition Merge                  ;
; Total registers                    ; N/A until Partition Merge                  ;
; Total pins                         ; N/A until Partition Merge                  ;
; Total virtual pins                 ; N/A until Partition Merge                  ;
; Total memory bits                  ; N/A until Partition Merge                  ;
; Embedded Multiplier 9-bit elements ; N/A until Partition Merge                  ;
; Total PLLs                         ; N/A until Partition Merge                  ;
+------------------------------------+--------------------------------------------+


Parallel compilation was disabled, but you have multiple processors available. Enable parallel compilation to reduce compilation time.
+-------------------------------------+
; Parallel Compilation                ;
+----------------------------+--------+
; Processors                 ; Number ;
+----------------------------+--------+
; Number detected on machine ; 4      ;
; Maximum allowed            ; 1      ;
+----------------------------+--------+


+-----------------------------------------------------------------+
; Parameter Settings for User Entity Instance: ps2_keyboard:inst5 ;
+-----------------------+----------+------------------------------+
; Parameter Name        ; Value    ; Type                         ;
+-----------------------+----------+------------------------------+
; clk_freq              ; 50000000 ; Signed Integer               ;
; debounce_counter_size ; 8        ; Signed Integer               ;
+-----------------------+----------+------------------------------+
Note: In order to hide this table in the UI and the text report file, please set the "Show Parameter Settings in Synthesis Report" option in "Analysis and Synthesis Settings -> More Settings" to "Off".


+-------------------------------------------------------------------------------------------+
; Parameter Settings for User Entity Instance: ps2_keyboard:inst5|debounce:debounce_ps2_clk ;
+----------------+-------+------------------------------------------------------------------+
; Parameter Name ; Value ; Type                                                             ;
+----------------+-------+------------------------------------------------------------------+
; counter_size   ; 8     ; Signed Integer                                                   ;
+----------------+-------+------------------------------------------------------------------+
Note: In order to hide this table in the UI and the text report file, please set the "Show Parameter Settings in Synthesis Report" option in "Analysis and Synthesis Settings -> More Settings" to "Off".


+--------------------------------------------------------------------------------------------+
; Parameter Settings for User Entity Instance: ps2_keyboard:inst5|debounce:debounce_ps2_data ;
+----------------+-------+-------------------------------------------------------------------+
; Parameter Name ; Value ; Type                                                              ;
+----------------+-------+-------------------------------------------------------------------+
; counter_size   ; 8     ; Signed Integer                                                    ;
+----------------+-------+-------------------------------------------------------------------+
Note: In order to hide this table in the UI and the text report file, please set the "Show Parameter Settings in Synthesis Report" option in "Analysis and Synthesis Settings -> More Settings" to "Off".


+----------------------------------------------------------------------------------------------------------------------+
; Analysis & Elaboration Settings                                                                                      ;
+----------------------------------------------------------------------------+--------------------+--------------------+
; Option                                                                     ; Setting            ; Default Value      ;
+----------------------------------------------------------------------------+--------------------+--------------------+
; Device                                                                     ; EP3C16F484C6       ;                    ;
; Top-level entity name                                                      ; Top                ; Pong               ;
; Family name                                                                ; Cyclone III        ; Cyclone IV GX      ;
; Use smart compilation                                                      ; Off                ; Off                ;
; Enable parallel Assembler and TimeQuest Timing Analyzer during compilation ; On                 ; On                 ;
; Enable compact report table                                                ; Off                ; Off                ;
; Restructure Multiplexers                                                   ; Auto               ; Auto               ;
; Create Debugging Nodes for IP Cores                                        ; Off                ; Off                ;
; Preserve fewer node names                                                  ; On                 ; On                 ;
; Disable OpenCore Plus hardware evaluation                                  ; Off                ; Off                ;
; Verilog Version                                                            ; Verilog_2001       ; Verilog_2001       ;
; VHDL Version                                                               ; VHDL_1993          ; VHDL_1993          ;
; State Machine Processing                                                   ; Auto               ; Auto               ;
; Safe State Machine                                                         ; Off                ; Off                ;
; Extract Verilog State Machines                                             ; On                 ; On                 ;
; Extract VHDL State Machines                                                ; On                 ; On                 ;
; Ignore Verilog initial constructs                                          ; Off                ; Off                ;
; Iteration limit for constant Verilog loops                                 ; 5000               ; 5000               ;
; Iteration limit for non-constant Verilog loops                             ; 250                ; 250                ;
; Add Pass-Through Logic to Inferred RAMs                                    ; On                 ; On                 ;
; Infer RAMs from Raw Logic                                                  ; On                 ; On                 ;
; Parallel Synthesis                                                         ; On                 ; On                 ;
; DSP Block Balancing                                                        ; Auto               ; Auto               ;
; NOT Gate Push-Back                                                         ; On                 ; On                 ;
; Power-Up Don't Care                                                        ; On                 ; On                 ;
; Remove Redundant Logic Cells                                               ; Off                ; Off                ;
; Remove Duplicate Registers                                                 ; On                 ; On                 ;
; Ignore CARRY Buffers                                                       ; Off                ; Off                ;
; Ignore CASCADE Buffers                                                     ; Off                ; Off                ;
; Ignore GLOBAL Buffers                                                      ; Off                ; Off                ;
; Ignore ROW GLOBAL Buffers                                                  ; Off                ; Off                ;
; Ignore LCELL Buffers                                                       ; Off                ; Off                ;
; Ignore SOFT Buffers                                                        ; On                 ; On                 ;
; Limit AHDL Integers to 32 Bits                                             ; Off                ; Off                ;
; Optimization Technique                                                     ; Balanced           ; Balanced           ;
; Carry Chain Length                                                         ; 70                 ; 70                 ;
; Auto Carry Chains                                                          ; On                 ; On                 ;
; Auto Open-Drain Pins                                                       ; On                 ; On                 ;
; Perform WYSIWYG Primitive Resynthesis                                      ; Off                ; Off                ;
; Auto ROM Replacement                                                       ; On                 ; On                 ;
; Auto RAM Replacement                                                       ; On                 ; On                 ;
; Auto DSP Block Replacement                                                 ; On                 ; On                 ;
; Auto Shift Register Replacement                                            ; Auto               ; Auto               ;
; Allow Shift Register Merging across Hierarchies                            ; Auto               ; Auto               ;
; Auto Clock Enable Replacement                                              ; On                 ; On                 ;
; Strict RAM Replacement                                                     ; Off                ; Off                ;
; Allow Synchronous Control Signals                                          ; On                 ; On                 ;
; Force Use of Synchronous Clear Signals                                     ; Off                ; Off                ;
; Auto RAM Block Balancing                                                   ; On                 ; On                 ;
; Auto RAM to Logic Cell Conversion                                          ; Off                ; Off                ;
; Auto Resource Sharing                                                      ; Off                ; Off                ;
; Allow Any RAM Size For Recognition                                         ; Off                ; Off                ;
; Allow Any ROM Size For Recognition                                         ; Off                ; Off                ;
; Allow Any Shift Register Size For Recognition                              ; Off                ; Off                ;
; Use LogicLock Constraints during Resource Balancing                        ; On                 ; On                 ;
; Ignore translate_off and synthesis_off directives                          ; Off                ; Off                ;
; Timing-Driven Synthesis                                                    ; On                 ; On                 ;
; Report Parameter Settings                                                  ; On                 ; On                 ;
; Report Source Assignments                                                  ; On                 ; On                 ;
; Report Connectivity Checks                                                 ; On                 ; On                 ;
; Ignore Maximum Fan-Out Assignments                                         ; Off                ; Off                ;
; Synchronization Register Chain Length                                      ; 2                  ; 2                  ;
; PowerPlay Power Optimization                                               ; Normal compilation ; Normal compilation ;
; HDL message level                                                          ; Level2             ; Level2             ;
; Suppress Register Optimization Related Messages                            ; Off                ; Off                ;
; Number of Removed Registers Reported in Synthesis Report                   ; 5000               ; 5000               ;
; Number of Swept Nodes Reported in Synthesis Report                         ; 5000               ; 5000               ;
; Number of Inverted Registers Reported in Synthesis Report                  ; 100                ; 100                ;
; Clock MUX Protection                                                       ; On                 ; On                 ;
; Auto Gated Clock Conversion                                                ; Off                ; Off                ;
; Block Design Naming                                                        ; Auto               ; Auto               ;
; SDC constraint protection                                                  ; Off                ; Off                ;
; Synthesis Effort                                                           ; Auto               ; Auto               ;
; Shift Register Replacement - Allow Asynchronous Clear Signal               ; On                 ; On                 ;
; Pre-Mapping Resynthesis Optimization                                       ; Off                ; Off                ;
; Analysis & Synthesis Message Level                                         ; Medium             ; Medium             ;
; Disable Register Merging Across Hierarchies                                ; Auto               ; Auto               ;
; Resource Aware Inference For Block RAM                                     ; On                 ; On                 ;
; Synthesis Seed                                                             ; 1                  ; 1                  ;
+----------------------------------------------------------------------------+--------------------+--------------------+


+---------------------------------+
; Analysis & Elaboration Messages ;
+---------------------------------+
Info: *******************************************************************
Info: Running Quartus II 64-Bit Analysis & Elaboration
    Info: Version 13.1.0 Build 162 10/23/2013 SJ Web Edition
    Info: Processing started: Wed Jul 11 18:25:44 2018
Info: Command: quartus_map --read_settings_files=on --write_settings_files=off Pong -c Pong --analysis_and_elaboration
Warning (20028): Parallel compilation is not licensed and has been disabled
Info (12021): Found 1 design units, including 1 entities, in source file files/7segment/funcaog.bdf
    Info (12023): Found entity 1: FuncaoG
Info (12021): Found 1 design units, including 1 entities, in source file files/7segment/funcaof.bdf
    Info (12023): Found entity 1: FuncaoF
Info (12021): Found 1 design units, including 1 entities, in source file files/7segment/funcaoe.bdf
    Info (12023): Found entity 1: FuncaoE
Info (12021): Found 1 design units, including 1 entities, in source file files/7segment/funcaod.bdf
    Info (12023): Found entity 1: FuncaoD
Info (12021): Found 1 design units, including 1 entities, in source file files/7segment/funcaoc.bdf
    Info (12023): Found entity 1: FuncaoC
Info (12021): Found 1 design units, including 1 entities, in source file files/7segment/funcaob.bdf
    Info (12023): Found entity 1: FuncaoB
Info (12021): Found 1 design units, including 1 entities, in source file files/7segment/funcaoa.bdf
    Info (12023): Found entity 1: FuncaoA
Info (12021): Found 1 design units, including 1 entities, in source file files/7segment/display7segmentos.bdf
    Info (12023): Found entity 1: Display7Segmentos
Info (12021): Found 1 design units, including 1 entities, in source file files/escore.bdf
    Info (12023): Found entity 1: escore
Info (12021): Found 2 design units, including 1 entities, in source file files/contador.vhd
    Info (12022): Found design unit 1: contador-comportamento
    Info (12023): Found entity 1: contador
Info (12021): Found 1 design units, including 1 entities, in source file /users/leo_p/desktop/pongame/debounce/debounce2/debounce2.bdf
    Info (12023): Found entity 1: debounce2
Info (12021): Found 2 design units, including 1 entities, in source file files/teste1ms.vhd
    Info (12022): Found design unit 1: Tempo_umMs-Comportamento
    Info (12023): Found entity 1: Tempo_umMs
Info (12021): Found 1 design units, including 1 entities, in source file files/vgasync.bdf
    Info (12023): Found entity 1: vgasync
Info (12021): Found 1 design units, including 1 entities, in source file files/clk_pixel.bdf
    Info (12023): Found entity 1: clk_pixel
Info (12021): Found 1 design units, including 1 entities, in source file files/grafico.bdf
    Info (12023): Found entity 1: grafico
Info (12021): Found 2 design units, including 1 entities, in source file files/leiturateclado.vhd
    Info (12022): Found design unit 1: tecladoIn-componente
    Info (12023): Found entity 1: tecladoIn
Info (12021): Found 2 design units, including 1 entities, in source file files/vgasync.vhd
    Info (12022): Found design unit 1: tela-main
    Info (12023): Found entity 1: tela
Info (12021): Found 2 design units, including 1 entities, in source file files/sync.vhd
    Info (12022): Found design unit 1: sync-behavior
    Info (12023): Found entity 1: sync
Info (12021): Found 2 design units, including 1 entities, in source file files/ps2_keyboard.vhd
    Info (12022): Found design unit 1: ps2_keyboard-logic
    Info (12023): Found entity 1: ps2_keyboard
Info (12021): Found 2 design units, including 0 entities, in source file files/paddle2.vhd
    Info (12022): Found design unit 1: paddle2
    Info (12022): Found design unit 2: paddle2-body
Info (12021): Found 2 design units, including 0 entities, in source file files/paddle1.vhd
    Info (12022): Found design unit 1: paddle1
    Info (12022): Found design unit 2: paddle1-body
Info (12021): Found 2 design units, including 1 entities, in source file files/debounce.vhd
    Info (12022): Found design unit 1: debounce-logic
    Info (12023): Found entity 1: debounce
Info (12021): Found 2 design units, including 0 entities, in source file files/ball.vhd
    Info (12022): Found design unit 1: ball
    Info (12022): Found design unit 2: ball-body
Info (12021): Found 1 design units, including 1 entities, in source file top.bdf
    Info (12023): Found entity 1: Top
Info (12127): Elaborating entity "Top" for the top level hierarchy
Info (12128): Elaborating entity "tela" for hierarchy "tela:inst"
Info (12128): Elaborating entity "sync" for hierarchy "tela:inst|sync:C1"
Warning (10540): VHDL Signal Declaration warning at sync.vhd(30): used explicit default value for signal "p1h" because signal was never assigned a value
Warning (10540): VHDL Signal Declaration warning at sync.vhd(32): used explicit default value for signal "p2h" because signal was never assigned a value
Warning (10492): VHDL Process Statement warning at sync.vhd(134): signal "slowclk" is read inside the Process Statement but isn't in the Process Statement's sensitivity list
Info (12128): Elaborating entity "clk_pixel" for hierarchy "clk_pixel:inst4"
Warning (275011): Block or symbol "NOT" of instance "inst3" overlaps another block or symbol
Info (12128): Elaborating entity "debounce2" for hierarchy "debounce2:inst12"
Info (12128): Elaborating entity "tecladoIn" for hierarchy "tecladoIn:inst2"
Info (12128): Elaborating entity "ps2_keyboard" for hierarchy "ps2_keyboard:inst5"
Info (12128): Elaborating entity "debounce" for hierarchy "ps2_keyboard:inst5|debounce:debounce_ps2_clk"
Info (12128): Elaborating entity "Display7Segmentos" for hierarchy "Display7Segmentos:inst9"
Info (12128): Elaborating entity "FuncaoA" for hierarchy "Display7Segmentos:inst9|FuncaoA:inst"
Info (12128): Elaborating entity "FuncaoB" for hierarchy "Display7Segmentos:inst9|FuncaoB:inst4"
Info (12128): Elaborating entity "FuncaoC" for hierarchy "Display7Segmentos:inst9|FuncaoC:inst5"
Warning (275008): Primitive "NOT" of instance "inst9" not used
Info (12128): Elaborating entity "FuncaoD" for hierarchy "Display7Segmentos:inst9|FuncaoD:inst6"
Info (12128): Elaborating entity "FuncaoE" for hierarchy "Display7Segmentos:inst9|FuncaoE:inst7"
Info (12128): Elaborating entity "FuncaoG" for hierarchy "Display7Segmentos:inst9|FuncaoG:inst9"
Info (12128): Elaborating entity "FuncaoF" for hierarchy "Display7Segmentos:inst9|FuncaoF:inst8"
Info (12128): Elaborating entity "contador" for hierarchy "contador:inst3"
Info: Quartus II 64-Bit Analysis & Elaboration was successful. 0 errors, 6 warnings
    Info: Peak virtual memory: 4677 megabytes
    Info: Processing ended: Wed Jul 11 18:25:45 2018
    Info: Elapsed time: 00:00:01
    Info: Total CPU time (on all processors): 00:00:01


